<?xml version="1.0" encoding="UTF-8"?>
<testng-results skipped="0" failed="0" ignored="0" total="2" passed="2">
  <reporter-output>
  </reporter-output>
  <suite name="Suite" duration-ms="2920" started-at="2022-12-14T16:19:54Z" finished-at="2022-12-14T16:19:57Z">
    <groups>
    </groups>
    <test name="Test" duration-ms="2920" started-at="2022-12-14T16:19:54Z" finished-at="2022-12-14T16:19:57Z">
      <class name="UITests.LoginTests">
        <test-method status="PASS" signature="TestLogOut()[pri:0, instance:UITests.LoginTests@15bb6bea]" name="TestLogOut" duration-ms="1676" started-at="2022-12-14T16:19:54Z" finished-at="2022-12-14T16:19:56Z">
          <reporter-output>
          </reporter-output>
        </test-method> <!-- TestLogOut -->
        <test-method status="PASS" signature="TestLogin()[pri:0, instance:UITests.LoginTests@15bb6bea]" name="TestLogin" duration-ms="1224" started-at="2022-12-14T16:19:56Z" finished-at="2022-12-14T16:19:57Z">
          <reporter-output>
          </reporter-output>
        </test-method> <!-- TestLogin -->
      </class> <!-- UITests.LoginTests -->
    </test> <!-- Test -->
  </suite> <!-- Suite -->
</testng-results>
