<?xml version="1.0" encoding="UTF-8"?>
<testng-results ignored="0" total="1" passed="1" failed="0" skipped="0">
  <reporter-output>
  </reporter-output>
  <suite started-at="2022-12-20T13:36:59Z" name="Default suite" finished-at="2022-12-20T13:37:37Z" duration-ms="37440">
    <groups>
    </groups>
    <test started-at="2022-12-20T13:36:59Z" name="Default test" finished-at="2022-12-20T13:37:37Z" duration-ms="37440">
      <class name="UITests.HomepageTest">
        <test-method is-config="true" signature="fnLaunchBrowser()[pri:0, instance:UITests.HomepageTest@282cb7c7]" started-at="2022-12-20T13:36:59Z" name="fnLaunchBrowser" finished-at="2022-12-20T13:37:02Z" duration-ms="2377" status="PASS">
          <reporter-output>
          </reporter-output>
        </test-method> <!-- fnLaunchBrowser -->
        <test-method signature="TestAddToCart()[pri:0, instance:UITests.HomepageTest@282cb7c7]" started-at="2022-12-20T13:37:02Z" name="TestAddToCart" finished-at="2022-12-20T13:37:37Z" duration-ms="35001" status="PASS">
          <reporter-output>
          </reporter-output>
        </test-method> <!-- TestAddToCart -->
      </class> <!-- UITests.HomepageTest -->
    </test> <!-- Default test -->
  </suite> <!-- Default suite -->
</testng-results>
